flagArgs.n: 128
#connections: 0#connections: 12#connections: 24waiting for returnMessage
waiting for returnMessage
waiting for returnMessage
waiting for returnMessage
waiting for returnMessage
waiting for returnMessage
waiting for returnMessage
waiting for returnMessage
waiting for returnMessage
waiting for returnMessage
waiting for returnMessage
waiting for returnMessage
waiting for returnMessage
waiting for returnMessage
waiting for returnMessage
waiting for returnMessage
waiting for returnMessage
waiting for returnMessage
waiting for returnMessage
waiting for returnMessage
waiting for returnMessage
waiting for returnMessage
waiting for returnMessage
waiting for returnMessage
waiting for returnMessage
waiting for returnMessage
waiting for returnMessage
waiting for returnMessage
waiting for returnMessage
waiting for returnMessage
waiting for returnMessage
waiting for returnMessage
waiting for returnMessage
waiting for returnMessage
waiting for returnMessage
#connections: 36waiting for returnMessage
waiting for returnMessage
#connections: 48waiting for returnMessage
waiting for returnMessage
waiting for returnMessage
waiting for returnMessage
waiting for returnMessage
waiting for returnMessage
waiting for returnMessage
waiting for returnMessage
waiting for returnMessage
waiting for returnMessage
waiting for returnMessage
#connections: 60waiting for returnMessage
waiting for returnMessage
waiting for returnMessage
waiting for returnMessage
waiting for returnMessage
waiting for returnMessage
waiting for returnMessage
waiting for returnMessage
waiting for returnMessage
waiting for returnMessage
waiting for returnMessage
waiting for returnMessage
waiting for returnMessage
waiting for returnMessage
waiting for returnMessage
waiting for returnMessage
#connections: 72waiting for returnMessage
waiting for returnMessage
waiting for returnMessage
#connections: 84waiting for returnMessage
waiting for returnMessage
waiting for returnMessage
waiting for returnMessage
waiting for returnMessage
waiting for returnMessage
waiting for returnMessage
waiting for returnMessage
waiting for returnMessage
waiting for returnMessage
waiting for returnMessage
waiting for returnMessage
waiting for returnMessage
waiting for returnMessage
waiting for returnMessage
waiting for returnMessage
waiting for returnMessage
waiting for returnMessage
waiting for returnMessage
waiting for returnMessage
waiting for returnMessage
waiting for returnMessage
waiting for returnMessage
waiting for returnMessage
waiting for returnMessage
waiting for returnMessage
waiting for returnMessage
waiting for returnMessage
waiting for returnMessage
#connections: 96#connections: 108#connections: 120waiting for returnMessage
waiting for returnMessage
waiting for returnMessage
waiting for returnMessage
waiting for returnMessage
waiting for returnMessage
waiting for returnMessage
waiting for returnMessage
waiting for returnMessage
waiting for returnMessage
waiting for returnMessage
waiting for returnMessage
waiting for returnMessage
waiting for returnMessage
waiting for returnMessage
waiting for returnMessage
waiting for returnMessage
waiting for returnMessage
waiting for returnMessage
waiting for returnMessage
waiting for returnMessage
waiting for returnMessage
waiting for returnMessage
waiting for returnMessage
waiting for returnMessage
waiting for returnMessage
waiting for returnMessage
waiting for returnMessage
waiting for returnMessage
waiting for returnMessage
waiting for returnMessage
waiting for returnMessage
Committees:  [[124 196 236 5 109 78 56 255 75 119 132 209 146 110 51 104 136 153 242 61 254 141 143 101 42 240 33 139 162 240 0 37] [170 63 24 204 114 168 35 82 17 173 249 55 14 124 7 31 184 168 54 22 215 4 108 104 116 8 136 4 133 33 72 148] [236 193 90 189 1 70 19 23 158 243 81 227 47 98 134 27 243 122 55 207 146 91 107 28 193 177 208 74 4 55 228 169] [124 217 156 16 199 95 75 133 140 203 237 241 22 185 246 228 105 232 231 218 54 38 150 144 247 240 198 94 191 247 173 117] [184 12 100 65 201 96 23 199 217 15 64 72 114 108 63 249 212 153 3 174 49 230 153 246 100 108 170 150 243 87 246 206] [132 210 184 118 206 102 65 79 63 119 215 67 136 157 100 17 220 66 85 137 19 99 124 108 202 232 132 138 13 11 30 192] [88 83 74 71 183 125 142 122 89 23 91 234 14 16 67 53 104 27 97 30 13 97 107 245 171 252 33 195 251 65 224 158] [143 7 48 245 201 96 157 70 163 86 220 143 146 238 0 98 100 185 67 127 244 151 225 14 51 141 167 229 130 22 87 24]]
Committee info:  [{[124 196 236 5 109 78 56 255 75 119 132 209 146 110 51 104 136 153 242 61 254 141 143 101 42 240 33 139 162 240 0 37] 16 7} {[170 63 24 204 114 168 35 82 17 173 249 55 14 124 7 31 184 168 54 22 215 4 108 104 116 8 136 4 133 33 72 148] 16 2} {[236 193 90 189 1 70 19 23 158 243 81 227 47 98 134 27 243 122 55 207 146 91 107 28 193 177 208 74 4 55 228 169] 16 7} {[124 217 156 16 199 95 75 133 140 203 237 241 22 185 246 228 105 232 231 218 54 38 150 144 247 240 198 94 191 247 173 117] 16 2} {[184 12 100 65 201 96 23 199 217 15 64 72 114 108 63 249 212 153 3 174 49 230 153 246 100 108 170 150 243 87 246 206] 16 7} {[132 210 184 118 206 102 65 79 63 119 215 67 136 157 100 17 220 66 85 137 19 99 124 108 202 232 132 138 13 11 30 192] 16 2} {[88 83 74 71 183 125 142 122 89 23 91 234 14 16 67 53 104 27 97 30 13 97 107 245 171 252 33 195 251 65 224 158] 16 7} {[143 7 48 245 201 96 157 70 163 86 220 143 146 238 0 98 100 185 67 127 244 151 225 14 51 141 167 229 130 22 87 24] 16 2}]
Committee  7cc4ec056d4e38ff4b7784d1926e33688899f23dfe8d8f652af0218ba2f00025 16 7
Committee  aa3f18cc72a8235211adf9370e7c071fb8a83616d7046c687408880485214894 16 2
Committee  ecc15abd014613179ef351e32f62861bf37a37cf925b6b1cc1b1d04a0437e4a9 16 7
Committee  7cd99c10c75f4b858ccbedf116b9f6e469e8e7da36269690f7f0c65ebff7ad75 16 2
Committee  b80c6441c96017c7d90f4048726c3ff9d49903ae31e699f6646caa96f357f6ce 16 7
Committee  84d2b876ce66414f3f77d743889d6411dc42558913637c6ccae8848a0d0b1ec0 16 2
Committee  58534a47b77d8e7a59175bea0e104335681b611e0d616bf5abfc21c3fb41e09e 16 7
Committee  8f0730f5c9609d46a356dc8f92ee006264b9437ff497e10e338da7e582165718 16 2
